
🔄 Syncing portfolio widget — 2026-03-11 18:53
==================================================
  Fetching Convert trades from Binance...
  ✅ Found 26 buy trades
  💾 Saved 26 trades to trades.json

  📊 Portfolio summary:
     BTC: 0.03474734  |  cost: EUR2422.21  |  avg: EUR69709.22
     SOL: 14.37596880  |  cost: EUR1454.31  |  avg: EUR101.16

  ℹ️  Portfolio unchanged, no update needed

✅ Sync complete!


🔄 Syncing portfolio widget — 2026-03-13 10:38
==================================================
  Fetching Convert trades from Binance...
  ✅ Found 26 buy trades
  💾 Saved 26 trades to trades.json

  📊 Portfolio summary:
     BTC: 0.03474734  |  cost: EUR2422.21  |  avg: EUR69709.22
     SOL: 14.37596880  |  cost: EUR1454.31  |  avg: EUR101.16

  ✅ portfolio.json written with 2 assets
  ℹ️  Portfolio unchanged, no update needed

  ℹ️  Nothing to commit

✅ Sync complete!


🔄 Syncing portfolio widget — 2026-03-13 16:58
==================================================
  Fetching Convert trades from Binance...
  ✅ Found 26 buy trades
  💾 Saved 26 trades to trades.json

  📊 Portfolio summary:
     BTC: 0.03474734  |  cost: EUR2422.21  |  avg: EUR69709.22
     SOL: 14.37596880  |  cost: EUR1454.31  |  avg: EUR101.16

  ✅ portfolio.json written with 2 assets
  ℹ️  Portfolio unchanged, no update needed

  ℹ️  Nothing to commit

✅ Sync complete!


🔄 Syncing portfolio widget — 2026-03-13 21:45
==================================================
  Fetching Convert trades from Binance...
  ✅ Found 26 buy trades
  💾 Saved 26 trades to trades.json

  📊 Portfolio summary:
     BTC: 0.03474734  |  cost: EUR2422.21  |  avg: EUR69709.22
     SOL: 14.37596880  |  cost: EUR1454.31  |  avg: EUR101.16

  ✅ portfolio.json written with 2 assets
  ℹ️  Portfolio unchanged, no update needed

  ℹ️  Nothing to commit

✅ Sync complete!


🔄 Syncing portfolio widget — 2026-03-14 00:17
==================================================
  Fetching Convert trades from Binance...
  ✅ Found 26 buy trades
  💾 Saved 26 trades to trades.json

  📊 Portfolio summary:
     BTC: 0.03474734  |  cost: EUR2422.21  |  avg: EUR69709.22
     SOL: 14.37596880  |  cost: EUR1454.31  |  avg: EUR101.16

  ✅ portfolio.json written with 2 assets
  ℹ️  Portfolio unchanged, no update needed

  ℹ️  Nothing to commit

✅ Sync complete!


🔄 Syncing portfolio widget — 2026-03-14 06:20
==================================================
  Fetching Convert trades from Binance...
  ✅ Found 26 buy trades
  💾 Saved 26 trades to trades.json

  📊 Portfolio summary:
     BTC: 0.03474734  |  cost: EUR2422.21  |  avg: EUR69709.22
     SOL: 14.37596880  |  cost: EUR1454.31  |  avg: EUR101.16

  ✅ portfolio.json written with 2 assets
  ℹ️  Portfolio unchanged, no update needed

  ℹ️  Nothing to commit

✅ Sync complete!


🔄 Syncing portfolio widget — 2026-03-14 14:39
==================================================
  Fetching Convert trades from Binance...
  ✅ Found 26 buy trades
  💾 Saved 26 trades to trades.json

  📊 Portfolio summary:
     BTC: 0.03474734  |  cost: EUR2422.21  |  avg: EUR69709.22
     SOL: 14.37596880  |  cost: EUR1454.31  |  avg: EUR101.16

  ✅ portfolio.json written with 2 assets
  ℹ️  Portfolio unchanged, no update needed

  ℹ️  Nothing to commit

✅ Sync complete!


🔄 Syncing portfolio widget — 2026-03-14 16:20
==================================================
  Fetching Convert trades from Binance...
  ✅ Found 26 buy trades
  💾 Saved 26 trades to trades.json

  📊 Portfolio summary:
     BTC: 0.03474734  |  cost: EUR2422.21  |  avg: EUR69709.22
     SOL: 14.37596880  |  cost: EUR1454.31  |  avg: EUR101.16

  ✅ portfolio.json written with 2 assets
  ℹ️  Portfolio unchanged, no update needed

  ℹ️  Nothing to commit

✅ Sync complete!


🔄 Syncing portfolio widget — 2026-03-15 09:45
==================================================
  Fetching Convert trades from Binance...
  ✅ Found 26 buy trades
  💾 Saved 26 trades to trades.json

  📊 Portfolio summary:
     BTC: 0.03474734  |  cost: EUR2422.21  |  avg: EUR69709.22
     SOL: 14.37596880  |  cost: EUR1454.31  |  avg: EUR101.16

  ✅ portfolio.json written with 2 assets
  ℹ️  Portfolio unchanged, no update needed

  ℹ️  Nothing to commit

✅ Sync complete!


🔄 Syncing portfolio widget — 2026-03-15 10:45
==================================================
  Fetching Convert trades from Binance...
  ✅ Found 26 buy trades
  💾 Saved 26 trades to trades.json

  📊 Portfolio summary:
     BTC: 0.03474734  |  cost: EUR2422.21  |  avg: EUR69709.22
     SOL: 14.37596880  |  cost: EUR1454.31  |  avg: EUR101.16

  ✅ portfolio.json written with 2 assets
  ℹ️  Portfolio unchanged, no update needed

  ℹ️  Nothing to commit

✅ Sync complete!


🔄 Syncing portfolio widget — 2026-03-15 11:45
==================================================
  Fetching Convert trades from Binance...
  ✅ Found 26 buy trades
  💾 Saved 26 trades to trades.json

  📊 Portfolio summary:
     BTC: 0.03474734  |  cost: EUR2422.21  |  avg: EUR69709.22
     SOL: 14.37596880  |  cost: EUR1454.31  |  avg: EUR101.16

  ✅ portfolio.json written with 2 assets
  ℹ️  Portfolio unchanged, no update needed

  ℹ️  Nothing to commit

✅ Sync complete!


🔄 Syncing portfolio widget — 2026-03-16 06:58
==================================================
  Fetching Convert trades from Binance...
  ✅ Found 26 buy trades
  💾 Saved 26 trades to trades.json

  📊 Portfolio summary:
     BTC: 0.03474734  |  cost: EUR2422.21  |  avg: EUR69709.22
     SOL: 14.37596880  |  cost: EUR1454.31  |  avg: EUR101.16

  ✅ portfolio.json written with 2 assets
  ℹ️  Portfolio unchanged, no update needed

  ℹ️  Nothing to commit

✅ Sync complete!


🔄 Syncing portfolio widget — 2026-03-16 16:15
==================================================
  Fetching Convert trades from Binance...
  ✅ Found 26 buy trades
  💾 Saved 26 trades to trades.json

  📊 Portfolio summary:
     BTC: 0.03474734  |  cost: EUR2422.21  |  avg: EUR69709.22
     SOL: 14.37596880  |  cost: EUR1454.31  |  avg: EUR101.16

  ✅ portfolio.json written with 2 assets
  ℹ️  Portfolio unchanged, no update needed

  ℹ️  Nothing to commit

✅ Sync complete!


🔄 Syncing portfolio widget — 2026-03-17 11:39
==================================================
  Fetching Convert trades from Binance...
  ✅ Found 26 buy trades
  💾 Saved 26 trades to trades.json

  📊 Portfolio summary:
     BTC: 0.03474734  |  cost: EUR2422.21  |  avg: EUR69709.22
     SOL: 14.37596880  |  cost: EUR1454.31  |  avg: EUR101.16

  ✅ portfolio.json written with 2 assets
  ℹ️  Portfolio unchanged, no update needed

  ℹ️  Nothing to commit

✅ Sync complete!


🔄 Syncing portfolio widget — 2026-03-17 12:39
==================================================
  Fetching Convert trades from Binance...
  ✅ Found 26 buy trades
  💾 Saved 26 trades to trades.json

  📊 Portfolio summary:
     BTC: 0.03474734  |  cost: EUR2422.21  |  avg: EUR69709.22
     SOL: 14.37596880  |  cost: EUR1454.31  |  avg: EUR101.16

  ✅ portfolio.json written with 2 assets
  ℹ️  Portfolio unchanged, no update needed

  ℹ️  Nothing to commit

✅ Sync complete!

[main 77f4c2d] sync: update portfolio widget 2026-03-17 15:57
 1 file changed, 2 insertions(+), 2 deletions(-)
failed to get: -128
fatal: could not read Username for 'https://github.com': Device not configured

🔄 Syncing portfolio widget — 2026-03-17 15:57
==================================================
  Fetching Convert trades from Binance...
  ✅ Found 27 buy trades
  💾 Saved 27 trades to trades.json

  📊 Portfolio summary:
     BTC: 0.03627873  |  cost: EUR2521.21  |  avg: EUR69495.54
     SOL: 14.37596880  |  cost: EUR1454.31  |  avg: EUR101.16

  ✅ portfolio.json written with 2 assets
  ℹ️  Portfolio unchanged, no update needed

  ⚠️  Git error: Command '['git', '-C', '/Users/denis/btc-avg-calculator', 'push', 'origin', 'main']' returned non-zero exit status 128.

✅ Sync complete!


🔄 Syncing portfolio widget — 2026-03-17 16:57
==================================================
  Fetching Convert trades from Binance...
  ✅ Found 27 buy trades
  💾 Saved 27 trades to trades.json

  📊 Portfolio summary:
     BTC: 0.03627873  |  cost: EUR2521.21  |  avg: EUR69495.54
     SOL: 14.37596880  |  cost: EUR1454.31  |  avg: EUR101.16

  ✅ portfolio.json written with 2 assets
  ℹ️  Portfolio unchanged, no update needed

  ℹ️  Nothing to commit

✅ Sync complete!


🔄 Syncing portfolio widget — 2026-03-17 17:57
==================================================
  Fetching Convert trades from Binance...
  ✅ Found 27 buy trades
  💾 Saved 27 trades to trades.json

  📊 Portfolio summary:
     BTC: 0.03627873  |  cost: EUR2521.21  |  avg: EUR69495.54
     SOL: 14.37596880  |  cost: EUR1454.31  |  avg: EUR101.16

  ✅ portfolio.json written with 2 assets
  ℹ️  Portfolio unchanged, no update needed

  ℹ️  Nothing to commit

✅ Sync complete!


🔄 Syncing portfolio widget — 2026-03-17 18:57
==================================================
  Fetching Convert trades from Binance...
  ✅ Found 27 buy trades
  💾 Saved 27 trades to trades.json

  📊 Portfolio summary:
     BTC: 0.03627873  |  cost: EUR2521.21  |  avg: EUR69495.54
     SOL: 14.37596880  |  cost: EUR1454.31  |  avg: EUR101.16

  ✅ portfolio.json written with 2 assets
  ℹ️  Portfolio unchanged, no update needed

  ℹ️  Nothing to commit

✅ Sync complete!


🔄 Syncing portfolio widget — 2026-03-17 19:57
==================================================
  Fetching Convert trades from Binance...
  ✅ Found 27 buy trades
  💾 Saved 27 trades to trades.json

  📊 Portfolio summary:
     BTC: 0.03627873  |  cost: EUR2521.21  |  avg: EUR69495.54
     SOL: 14.37596880  |  cost: EUR1454.31  |  avg: EUR101.16

  ✅ portfolio.json written with 2 assets
  ℹ️  Portfolio unchanged, no update needed

  ℹ️  Nothing to commit

✅ Sync complete!


🔄 Syncing portfolio widget — 2026-03-17 20:57
==================================================
  Fetching Convert trades from Binance...
  ✅ Found 27 buy trades
  💾 Saved 27 trades to trades.json

  📊 Portfolio summary:
     BTC: 0.03627873  |  cost: EUR2521.21  |  avg: EUR69495.54
     SOL: 14.37596880  |  cost: EUR1454.31  |  avg: EUR101.16

  ✅ portfolio.json written with 2 assets
  ℹ️  Portfolio unchanged, no update needed

  ℹ️  Nothing to commit

✅ Sync complete!


🔄 Syncing portfolio widget — 2026-03-17 21:57
==================================================
  Fetching Convert trades from Binance...
  ✅ Found 27 buy trades
  💾 Saved 27 trades to trades.json

  📊 Portfolio summary:
     BTC: 0.03627873  |  cost: EUR2521.21  |  avg: EUR69495.54
     SOL: 14.37596880  |  cost: EUR1454.31  |  avg: EUR101.16

  ✅ portfolio.json written with 2 assets
  ℹ️  Portfolio unchanged, no update needed

  ℹ️  Nothing to commit

✅ Sync complete!


🔄 Syncing portfolio widget — 2026-03-17 22:57
==================================================
  Fetching Convert trades from Binance...
  ✅ Found 27 buy trades
  💾 Saved 27 trades to trades.json

  📊 Portfolio summary:
     BTC: 0.03627873  |  cost: EUR2521.21  |  avg: EUR69495.54
     SOL: 14.37596880  |  cost: EUR1454.31  |  avg: EUR101.16

  ✅ portfolio.json written with 2 assets
  ℹ️  Portfolio unchanged, no update needed

  ℹ️  Nothing to commit

✅ Sync complete!


🔄 Syncing portfolio widget — 2026-03-17 23:57
==================================================
  Fetching Convert trades from Binance...
  ✅ Found 27 buy trades
  💾 Saved 27 trades to trades.json

  📊 Portfolio summary:
     BTC: 0.03627873  |  cost: EUR2521.21  |  avg: EUR69495.54
     SOL: 14.37596880  |  cost: EUR1454.31  |  avg: EUR101.16

  ✅ portfolio.json written with 2 assets
  ℹ️  Portfolio unchanged, no update needed

  ℹ️  Nothing to commit

✅ Sync complete!


🔄 Syncing portfolio widget — 2026-03-18 00:57
==================================================
  Fetching Convert trades from Binance...
  ✅ Found 27 buy trades
  💾 Saved 27 trades to trades.json

  📊 Portfolio summary:
     BTC: 0.03627873  |  cost: EUR2521.21  |  avg: EUR69495.54
     SOL: 14.37596880  |  cost: EUR1454.31  |  avg: EUR101.16

  ✅ portfolio.json written with 2 assets
  ℹ️  Portfolio unchanged, no update needed

  ℹ️  Nothing to commit

✅ Sync complete!


🔄 Syncing portfolio widget — 2026-03-18 03:53
==================================================
  Fetching Convert trades from Binance...
  ✅ Found 27 buy trades
  💾 Saved 27 trades to trades.json

  📊 Portfolio summary:
     BTC: 0.03627873  |  cost: EUR2521.21  |  avg: EUR69495.54
     SOL: 14.37596880  |  cost: EUR1454.31  |  avg: EUR101.16

  ✅ portfolio.json written with 2 assets
  ℹ️  Portfolio unchanged, no update needed

  ℹ️  Nothing to commit

✅ Sync complete!


🔄 Syncing portfolio widget — 2026-03-18 08:36
==================================================
  Fetching Convert trades from Binance...
  ✅ Found 27 buy trades
  💾 Saved 27 trades to trades.json

  📊 Portfolio summary:
     BTC: 0.03627873  |  cost: EUR2521.21  |  avg: EUR69495.54
     SOL: 14.37596880  |  cost: EUR1454.31  |  avg: EUR101.16

  ✅ portfolio.json written with 2 assets
  ℹ️  Portfolio unchanged, no update needed

  ℹ️  Nothing to commit

✅ Sync complete!


🔄 Syncing portfolio widget — 2026-03-18 11:34
==================================================
  Fetching Convert trades from Binance...
  ✅ Found 27 buy trades
  💾 Saved 27 trades to trades.json

  📊 Portfolio summary:
     BTC: 0.03627873  |  cost: EUR2521.21  |  avg: EUR69495.54
     SOL: 14.37596880  |  cost: EUR1454.31  |  avg: EUR101.16

  ✅ portfolio.json written with 2 assets
  ℹ️  Portfolio unchanged, no update needed

  ℹ️  Nothing to commit

✅ Sync complete!


🔄 Syncing portfolio widget — 2026-03-18 22:24
==================================================
  Fetching Convert trades from Binance...
  ✅ Found 27 buy trades
  💾 Saved 27 trades to trades.json

  📊 Portfolio summary:
     BTC: 0.03627873  |  cost: EUR2521.21  |  avg: EUR69495.54
     SOL: 14.37596880  |  cost: EUR1454.31  |  avg: EUR101.16

  ✅ portfolio.json written with 2 assets
  ℹ️  Portfolio unchanged, no update needed

  ℹ️  Nothing to commit

✅ Sync complete!


🔄 Syncing portfolio widget — 2026-03-18 23:33
==================================================
  Fetching Convert trades from Binance...
  ✅ Found 27 buy trades
  💾 Saved 27 trades to trades.json

  📊 Portfolio summary:
     BTC: 0.03627873  |  cost: EUR2521.21  |  avg: EUR69495.54
     SOL: 14.37596880  |  cost: EUR1454.31  |  avg: EUR101.16

  ✅ portfolio.json written with 2 assets
  ℹ️  Portfolio unchanged, no update needed

  ℹ️  Nothing to commit

✅ Sync complete!


🔄 Syncing portfolio widget — 2026-03-19 13:18
==================================================
  Fetching Convert trades from Binance...
  ✅ Found 27 buy trades
  💾 Saved 27 trades to trades.json

  📊 Portfolio summary:
     BTC: 0.03627873  |  cost: EUR2521.21  |  avg: EUR69495.54
     SOL: 14.37596880  |  cost: EUR1454.31  |  avg: EUR101.16

  ✅ portfolio.json written with 2 assets
  ℹ️  Portfolio unchanged, no update needed

  ℹ️  Nothing to commit

✅ Sync complete!


🔄 Syncing portfolio widget — 2026-03-19 16:06
==================================================
  Fetching Convert trades from Binance...
  ✅ Found 27 buy trades
  💾 Saved 27 trades to trades.json

  📊 Portfolio summary:
     BTC: 0.03627873  |  cost: EUR2521.21  |  avg: EUR69495.54
     SOL: 14.37596880  |  cost: EUR1454.31  |  avg: EUR101.16

  ✅ portfolio.json written with 2 assets
  ℹ️  Portfolio unchanged, no update needed

  ℹ️  Nothing to commit

✅ Sync complete!


🔄 Syncing portfolio widget — 2026-03-19 17:06
==================================================
  Fetching Convert trades from Binance...
  ✅ Found 27 buy trades
  💾 Saved 27 trades to trades.json

  📊 Portfolio summary:
     BTC: 0.03627873  |  cost: EUR2521.21  |  avg: EUR69495.54
     SOL: 14.37596880  |  cost: EUR1454.31  |  avg: EUR101.16

  ✅ portfolio.json written with 2 assets
  ℹ️  Portfolio unchanged, no update needed

  ℹ️  Nothing to commit

✅ Sync complete!


🔄 Syncing portfolio widget — 2026-03-19 18:27
==================================================
  Fetching Convert trades from Binance...
  ✅ Found 27 buy trades
  💾 Saved 27 trades to trades.json

  📊 Portfolio summary:
     BTC: 0.03627873  |  cost: EUR2521.21  |  avg: EUR69495.54
     SOL: 14.37596880  |  cost: EUR1454.31  |  avg: EUR101.16

  ✅ portfolio.json written with 2 assets
  ℹ️  Portfolio unchanged, no update needed

  ℹ️  Nothing to commit

✅ Sync complete!


🔄 Syncing portfolio widget — 2026-03-19 19:38
==================================================
  Fetching Convert trades from Binance...
  ✅ Found 27 buy trades
  💾 Saved 27 trades to trades.json

  📊 Portfolio summary:
     BTC: 0.03627873  |  cost: EUR2521.21  |  avg: EUR69495.54
     SOL: 14.37596880  |  cost: EUR1454.31  |  avg: EUR101.16

  ✅ portfolio.json written with 2 assets
  ℹ️  Portfolio unchanged, no update needed

  ℹ️  Nothing to commit

✅ Sync complete!


🔄 Syncing portfolio widget — 2026-03-20 14:09
==================================================
  Fetching Convert trades from Binance...
  ✅ Found 27 buy trades
  💾 Saved 27 trades to trades.json

  📊 Portfolio summary:
     BTC: 0.03627873  |  cost: EUR2521.21  |  avg: EUR69495.54
     SOL: 14.37596880  |  cost: EUR1454.31  |  avg: EUR101.16

  ✅ portfolio.json written with 2 assets
  ℹ️  Portfolio unchanged, no update needed

  ℹ️  Nothing to commit

✅ Sync complete!


🔄 Syncing portfolio widget — 2026-03-20 15:09
==================================================
  Fetching Convert trades from Binance...
  ✅ Found 27 buy trades
  💾 Saved 27 trades to trades.json

  📊 Portfolio summary:
     BTC: 0.03627873  |  cost: EUR2521.21  |  avg: EUR69495.54
     SOL: 14.37596880  |  cost: EUR1454.31  |  avg: EUR101.16

  ✅ portfolio.json written with 2 assets
  ℹ️  Portfolio unchanged, no update needed

  ℹ️  Nothing to commit

✅ Sync complete!


🔄 Syncing portfolio widget — 2026-03-21 11:09
==================================================
  Fetching Convert trades from Binance...
  ✅ Found 27 buy trades
  💾 Saved 27 trades to trades.json

  📊 Portfolio summary:
     BTC: 0.03627873  |  cost: EUR2521.21  |  avg: EUR69495.54
     SOL: 14.37596880  |  cost: EUR1454.31  |  avg: EUR101.16

  ✅ portfolio.json written with 2 assets
  ℹ️  Portfolio unchanged, no update needed

  ℹ️  Nothing to commit

✅ Sync complete!


🔄 Syncing portfolio widget — 2026-03-21 16:53
==================================================
  Fetching Convert trades from Binance...
  ✅ Found 27 buy trades
  💾 Saved 27 trades to trades.json

  📊 Portfolio summary:
     BTC: 0.03627873  |  cost: EUR2521.21  |  avg: EUR69495.54
     SOL: 14.37596880  |  cost: EUR1454.31  |  avg: EUR101.16

  ✅ portfolio.json written with 2 assets
  ℹ️  Portfolio unchanged, no update needed

  ℹ️  Nothing to commit

✅ Sync complete!


🔄 Syncing portfolio widget — 2026-03-21 18:04
==================================================
  Fetching Convert trades from Binance...
  ✅ Found 27 buy trades
  💾 Saved 27 trades to trades.json

  📊 Portfolio summary:
     BTC: 0.03627873  |  cost: EUR2521.21  |  avg: EUR69495.54
     SOL: 14.37596880  |  cost: EUR1454.31  |  avg: EUR101.16

  ✅ portfolio.json written with 2 assets
  ℹ️  Portfolio unchanged, no update needed

  ℹ️  Nothing to commit

✅ Sync complete!


🔄 Syncing portfolio widget — 2026-03-21 19:08
==================================================
  Fetching Convert trades from Binance...
  ✅ Found 27 buy trades
  💾 Saved 27 trades to trades.json

  📊 Portfolio summary:
     BTC: 0.03627873  |  cost: EUR2521.21  |  avg: EUR69495.54
     SOL: 14.37596880  |  cost: EUR1454.31  |  avg: EUR101.16

  ✅ portfolio.json written with 2 assets
  ℹ️  Portfolio unchanged, no update needed

  ℹ️  Nothing to commit

✅ Sync complete!


🔄 Syncing portfolio widget — 2026-03-21 21:20
==================================================
  Fetching Convert trades from Binance...
  ✅ Found 27 buy trades
  💾 Saved 27 trades to trades.json

  📊 Portfolio summary:
     BTC: 0.03627873  |  cost: EUR2521.21  |  avg: EUR69495.54
     SOL: 14.37596880  |  cost: EUR1454.31  |  avg: EUR101.16

  ✅ portfolio.json written with 2 assets
  ℹ️  Portfolio unchanged, no update needed

  ℹ️  Nothing to commit

✅ Sync complete!


🔄 Syncing portfolio widget — 2026-03-21 22:39
==================================================
  Fetching Convert trades from Binance...
  ✅ Found 27 buy trades
  💾 Saved 27 trades to trades.json

  📊 Portfolio summary:
     BTC: 0.03627873  |  cost: EUR2521.21  |  avg: EUR69495.54
     SOL: 14.37596880  |  cost: EUR1454.31  |  avg: EUR101.16

  ✅ portfolio.json written with 2 assets
  ℹ️  Portfolio unchanged, no update needed

  ℹ️  Nothing to commit

✅ Sync complete!


🔄 Syncing portfolio widget — 2026-03-21 23:39
==================================================
  Fetching Convert trades from Binance...
  ✅ Found 27 buy trades
  💾 Saved 27 trades to trades.json

  📊 Portfolio summary:
     BTC: 0.03627873  |  cost: EUR2521.21  |  avg: EUR69495.54
     SOL: 14.37596880  |  cost: EUR1454.31  |  avg: EUR101.16

  ✅ portfolio.json written with 2 assets
  ℹ️  Portfolio unchanged, no update needed

  ℹ️  Nothing to commit

✅ Sync complete!


🔄 Syncing portfolio widget — 2026-03-22 11:22
==================================================
  Fetching Convert trades from Binance...
  ✅ Found 27 buy trades
  💾 Saved 27 trades to trades.json

  📊 Portfolio summary:
     BTC: 0.03627873  |  cost: EUR2521.21  |  avg: EUR69495.54
     SOL: 14.37596880  |  cost: EUR1454.31  |  avg: EUR101.16

  ✅ portfolio.json written with 2 assets
  ℹ️  Portfolio unchanged, no update needed

  ℹ️  Nothing to commit

✅ Sync complete!


🔄 Syncing portfolio widget — 2026-03-22 12:43
==================================================
  Fetching Convert trades from Binance...
  ✅ Found 27 buy trades
  💾 Saved 27 trades to trades.json

  📊 Portfolio summary:
     BTC: 0.03627873  |  cost: EUR2521.21  |  avg: EUR69495.54
     SOL: 14.37596880  |  cost: EUR1454.31  |  avg: EUR101.16

  ✅ portfolio.json written with 2 assets
  ℹ️  Portfolio unchanged, no update needed

  ℹ️  Nothing to commit

✅ Sync complete!


🔄 Syncing portfolio widget — 2026-03-22 13:43
==================================================
  Fetching Convert trades from Binance...
  ✅ Found 27 buy trades
  💾 Saved 27 trades to trades.json

  📊 Portfolio summary:
     BTC: 0.03627873  |  cost: EUR2521.21  |  avg: EUR69495.54
     SOL: 14.37596880  |  cost: EUR1454.31  |  avg: EUR101.16

  ✅ portfolio.json written with 2 assets
  ℹ️  Portfolio unchanged, no update needed

  ℹ️  Nothing to commit

✅ Sync complete!


🔄 Syncing portfolio widget — 2026-03-23 11:56
==================================================
  Fetching Convert trades from Binance...
  ✅ Found 27 buy trades
  💾 Saved 27 trades to trades.json

  📊 Portfolio summary:
     BTC: 0.03627873  |  cost: EUR2521.21  |  avg: EUR69495.54
     SOL: 14.37596880  |  cost: EUR1454.31  |  avg: EUR101.16

  ✅ portfolio.json written with 2 assets
  ℹ️  Portfolio unchanged, no update needed

  ℹ️  Nothing to commit

✅ Sync complete!


🔄 Syncing portfolio widget — 2026-03-23 16:24
==================================================
  Fetching Convert trades from Binance...
  ✅ Found 27 buy trades
  💾 Saved 27 trades to trades.json

  📊 Portfolio summary:
     BTC: 0.03627873  |  cost: EUR2521.21  |  avg: EUR69495.54
     SOL: 14.37596880  |  cost: EUR1454.31  |  avg: EUR101.16

  ✅ portfolio.json written with 2 assets
  ℹ️  Portfolio unchanged, no update needed

  ℹ️  Nothing to commit

✅ Sync complete!


🔄 Syncing portfolio widget — 2026-03-23 22:07
==================================================
  Fetching Convert trades from Binance...
  ✅ Found 27 buy trades
  💾 Saved 27 trades to trades.json

  📊 Portfolio summary:
     BTC: 0.03627873  |  cost: EUR2521.21  |  avg: EUR69495.54
     SOL: 14.37596880  |  cost: EUR1454.31  |  avg: EUR101.16

  ✅ portfolio.json written with 2 assets
  ℹ️  Portfolio unchanged, no update needed

  ℹ️  Nothing to commit

✅ Sync complete!


🔄 Syncing portfolio widget — 2026-03-24 04:05
==================================================
  Fetching Convert trades from Binance...
  ✅ Found 27 buy trades
  💾 Saved 27 trades to trades.json

  📊 Portfolio summary:
     BTC: 0.03627873  |  cost: EUR2521.21  |  avg: EUR69495.54
     SOL: 14.37596880  |  cost: EUR1454.31  |  avg: EUR101.16

  ✅ portfolio.json written with 2 assets
  ℹ️  Portfolio unchanged, no update needed

  ℹ️  Nothing to commit

✅ Sync complete!


🔄 Syncing portfolio widget — 2026-03-24 14:25
==================================================
  Fetching Convert trades from Binance...
  ✅ Found 27 buy trades
  💾 Saved 27 trades to trades.json

  📊 Portfolio summary:
     BTC: 0.03627873  |  cost: EUR2521.21  |  avg: EUR69495.54
     SOL: 14.37596880  |  cost: EUR1454.31  |  avg: EUR101.16

  ✅ portfolio.json written with 2 assets
  ℹ️  Portfolio unchanged, no update needed

  ℹ️  Nothing to commit

✅ Sync complete!


🔄 Syncing portfolio widget — 2026-03-24 15:25
==================================================
  Fetching Convert trades from Binance...
  ✅ Found 27 buy trades
  💾 Saved 27 trades to trades.json

  📊 Portfolio summary:
     BTC: 0.03627873  |  cost: EUR2521.21  |  avg: EUR69495.54
     SOL: 14.37596880  |  cost: EUR1454.31  |  avg: EUR101.16

  ✅ portfolio.json written with 2 assets
  ℹ️  Portfolio unchanged, no update needed

  ℹ️  Nothing to commit

✅ Sync complete!


🔄 Syncing portfolio widget — 2026-03-24 16:25
==================================================
  Fetching Convert trades from Binance...
  ✅ Found 27 buy trades
  💾 Saved 27 trades to trades.json

  📊 Portfolio summary:
     BTC: 0.03627873  |  cost: EUR2521.21  |  avg: EUR69495.54
     SOL: 14.37596880  |  cost: EUR1454.31  |  avg: EUR101.16

  ✅ portfolio.json written with 2 assets
  ℹ️  Portfolio unchanged, no update needed

  ℹ️  Nothing to commit

✅ Sync complete!


🔄 Syncing portfolio widget — 2026-03-25 00:10
==================================================
  Fetching Convert trades from Binance...
  ✅ Found 27 buy trades
  💾 Saved 27 trades to trades.json

  📊 Portfolio summary:
     BTC: 0.03627873  |  cost: EUR2521.21  |  avg: EUR69495.54
     SOL: 14.37596880  |  cost: EUR1454.31  |  avg: EUR101.16

  ✅ portfolio.json written with 2 assets
  ℹ️  Portfolio unchanged, no update needed

  ℹ️  Nothing to commit

✅ Sync complete!


🔄 Syncing portfolio widget — 2026-03-25 10:13
==================================================
  Fetching Convert trades from Binance...
  ✅ Found 27 buy trades
  💾 Saved 27 trades to trades.json

  📊 Portfolio summary:
     BTC: 0.03627873  |  cost: EUR2521.21  |  avg: EUR69495.54
     SOL: 14.37596880  |  cost: EUR1454.31  |  avg: EUR101.16

  ✅ portfolio.json written with 2 assets
  ℹ️  Portfolio unchanged, no update needed

  ℹ️  Nothing to commit

✅ Sync complete!


🔄 Syncing portfolio widget — 2026-03-25 11:23
==================================================
  Fetching Convert trades from Binance...
  ✅ Found 27 buy trades
  💾 Saved 27 trades to trades.json

  📊 Portfolio summary:
     BTC: 0.03627873  |  cost: EUR2521.21  |  avg: EUR69495.54
     SOL: 14.37596880  |  cost: EUR1454.31  |  avg: EUR101.16

  ✅ portfolio.json written with 2 assets
  ℹ️  Portfolio unchanged, no update needed

  ℹ️  Nothing to commit

✅ Sync complete!


🔄 Syncing portfolio widget — 2026-03-25 12:23
==================================================
  Fetching Convert trades from Binance...
  ✅ Found 27 buy trades
  💾 Saved 27 trades to trades.json

  📊 Portfolio summary:
     BTC: 0.03627873  |  cost: EUR2521.21  |  avg: EUR69495.54
     SOL: 14.37596880  |  cost: EUR1454.31  |  avg: EUR101.16

  ✅ portfolio.json written with 2 assets
  ℹ️  Portfolio unchanged, no update needed

  ℹ️  Nothing to commit

✅ Sync complete!


🔄 Syncing portfolio widget — 2026-03-25 13:23
==================================================
  Fetching Convert trades from Binance...
  ✅ Found 27 buy trades
  💾 Saved 27 trades to trades.json

  📊 Portfolio summary:
     BTC: 0.03627873  |  cost: EUR2521.21  |  avg: EUR69495.54
     SOL: 14.37596880  |  cost: EUR1454.31  |  avg: EUR101.16

  ✅ portfolio.json written with 2 assets
  ℹ️  Portfolio unchanged, no update needed

  ℹ️  Nothing to commit

✅ Sync complete!


🔄 Syncing portfolio widget — 2026-03-25 14:35
==================================================
  Fetching Convert trades from Binance...
  ✅ Found 27 buy trades
  💾 Saved 27 trades to trades.json

  📊 Portfolio summary:
     BTC: 0.03627873  |  cost: EUR2521.21  |  avg: EUR69495.54
     SOL: 14.37596880  |  cost: EUR1454.31  |  avg: EUR101.16

  ✅ portfolio.json written with 2 assets
  ℹ️  Portfolio unchanged, no update needed

  ℹ️  Nothing to commit

✅ Sync complete!


🔄 Syncing portfolio widget — 2026-03-25 16:00
==================================================
  Fetching Convert trades from Binance...
  ✅ Found 27 buy trades
  💾 Saved 27 trades to trades.json

  📊 Portfolio summary:
     BTC: 0.03627873  |  cost: EUR2521.21  |  avg: EUR69495.54
     SOL: 14.37596880  |  cost: EUR1454.31  |  avg: EUR101.16

  ✅ portfolio.json written with 2 assets
  ℹ️  Portfolio unchanged, no update needed

  ℹ️  Nothing to commit

✅ Sync complete!


🔄 Syncing portfolio widget — 2026-03-25 17:01
==================================================
  Fetching Convert trades from Binance...
  ✅ Found 27 buy trades
  💾 Saved 27 trades to trades.json

  📊 Portfolio summary:
     BTC: 0.03627873  |  cost: EUR2521.21  |  avg: EUR69495.54
     SOL: 14.37596880  |  cost: EUR1454.31  |  avg: EUR101.16

  ✅ portfolio.json written with 2 assets
  ℹ️  Portfolio unchanged, no update needed

  ℹ️  Nothing to commit

✅ Sync complete!


🔄 Syncing portfolio widget — 2026-03-25 18:55
==================================================
  Fetching Convert trades from Binance...
  ✅ Found 27 buy trades
  💾 Saved 27 trades to trades.json

  📊 Portfolio summary:
     BTC: 0.03627873  |  cost: EUR2521.21  |  avg: EUR69495.54
     SOL: 14.37596880  |  cost: EUR1454.31  |  avg: EUR101.16

  ✅ portfolio.json written with 2 assets
  ℹ️  Portfolio unchanged, no update needed

  ℹ️  Nothing to commit

✅ Sync complete!


🔄 Syncing portfolio widget — 2026-03-25 20:59
==================================================
  Fetching Convert trades from Binance...
  ✅ Found 27 buy trades
  💾 Saved 27 trades to trades.json

  📊 Portfolio summary:
     BTC: 0.03627873  |  cost: EUR2521.21  |  avg: EUR69495.54
     SOL: 14.37596880  |  cost: EUR1454.31  |  avg: EUR101.16

  ✅ portfolio.json written with 2 assets
  ℹ️  Portfolio unchanged, no update needed

  ℹ️  Nothing to commit

✅ Sync complete!


🔄 Syncing portfolio widget — 2026-03-25 21:59
==================================================
  Fetching Convert trades from Binance...
  ✅ Found 27 buy trades
  💾 Saved 27 trades to trades.json

  📊 Portfolio summary:
     BTC: 0.03627873  |  cost: EUR2521.21  |  avg: EUR69495.54
     SOL: 14.37596880  |  cost: EUR1454.31  |  avg: EUR101.16

  ✅ portfolio.json written with 2 assets
  ℹ️  Portfolio unchanged, no update needed

  ℹ️  Nothing to commit

✅ Sync complete!


🔄 Syncing portfolio widget — 2026-03-25 22:59
==================================================
  Fetching Convert trades from Binance...
  ✅ Found 27 buy trades
  💾 Saved 27 trades to trades.json

  📊 Portfolio summary:
     BTC: 0.03627873  |  cost: EUR2521.21  |  avg: EUR69495.54
     SOL: 14.37596880  |  cost: EUR1454.31  |  avg: EUR101.16

  ✅ portfolio.json written with 2 assets
  ℹ️  Portfolio unchanged, no update needed

  ℹ️  Nothing to commit

✅ Sync complete!


🔄 Syncing portfolio widget — 2026-03-26 12:09
==================================================
  Fetching Convert trades from Binance...
  ✅ Found 27 buy trades
  💾 Saved 27 trades to trades.json

  📊 Portfolio summary:
     BTC: 0.03627873  |  cost: EUR2521.21  |  avg: EUR69495.54
     SOL: 14.37596880  |  cost: EUR1454.31  |  avg: EUR101.16

  ✅ portfolio.json written with 2 assets
  ℹ️  Portfolio unchanged, no update needed

  ℹ️  Nothing to commit

✅ Sync complete!


🔄 Syncing portfolio widget — 2026-03-26 13:13
==================================================
  Fetching Convert trades from Binance...
  ✅ Found 27 buy trades
  💾 Saved 27 trades to trades.json

  📊 Portfolio summary:
     BTC: 0.03627873  |  cost: EUR2521.21  |  avg: EUR69495.54
     SOL: 14.37596880  |  cost: EUR1454.31  |  avg: EUR101.16

  ✅ portfolio.json written with 2 assets
  ℹ️  Portfolio unchanged, no update needed

  ℹ️  Nothing to commit

✅ Sync complete!


🔄 Syncing portfolio widget — 2026-03-26 15:02
==================================================
  Fetching Convert trades from Binance...
  ✅ Found 27 buy trades
  💾 Saved 27 trades to trades.json

  📊 Portfolio summary:
     BTC: 0.03627873  |  cost: EUR2521.21  |  avg: EUR69495.54
     SOL: 14.37596880  |  cost: EUR1454.31  |  avg: EUR101.16

  ✅ portfolio.json written with 2 assets
  ℹ️  Portfolio unchanged, no update needed

  ℹ️  Nothing to commit

✅ Sync complete!


🔄 Syncing portfolio widget — 2026-03-26 20:46
==================================================
  Fetching Convert trades from Binance...
  ✅ Found 27 buy trades
  💾 Saved 27 trades to trades.json

  📊 Portfolio summary:
     BTC: 0.03627873  |  cost: EUR2521.21  |  avg: EUR69495.54
     SOL: 14.37596880  |  cost: EUR1454.31  |  avg: EUR101.16

  ✅ portfolio.json written with 2 assets
  ℹ️  Portfolio unchanged, no update needed

  ℹ️  Nothing to commit

✅ Sync complete!


🔄 Syncing portfolio widget — 2026-03-26 22:16
==================================================
  Fetching Convert trades from Binance...
  ✅ Found 27 buy trades
  💾 Saved 27 trades to trades.json

  📊 Portfolio summary:
     BTC: 0.03627873  |  cost: EUR2521.21  |  avg: EUR69495.54
     SOL: 14.37596880  |  cost: EUR1454.31  |  avg: EUR101.16

  ✅ portfolio.json written with 2 assets
  ℹ️  Portfolio unchanged, no update needed

  ℹ️  Nothing to commit

✅ Sync complete!


🔄 Syncing portfolio widget — 2026-03-26 23:16
==================================================
  Fetching Convert trades from Binance...
  ✅ Found 27 buy trades
  💾 Saved 27 trades to trades.json

  📊 Portfolio summary:
     BTC: 0.03627873  |  cost: EUR2521.21  |  avg: EUR69495.54
     SOL: 14.37596880  |  cost: EUR1454.31  |  avg: EUR101.16

  ✅ portfolio.json written with 2 assets
  ℹ️  Portfolio unchanged, no update needed

  ℹ️  Nothing to commit

✅ Sync complete!


🔄 Syncing portfolio widget — 2026-03-27 00:16
==================================================
  Fetching Convert trades from Binance...
  ✅ Found 27 buy trades
  💾 Saved 27 trades to trades.json

  📊 Portfolio summary:
     BTC: 0.03627873  |  cost: EUR2521.21  |  avg: EUR69495.54
     SOL: 14.37596880  |  cost: EUR1454.31  |  avg: EUR101.16

  ✅ portfolio.json written with 2 assets
  ℹ️  Portfolio unchanged, no update needed

  ℹ️  Nothing to commit

✅ Sync complete!


🔄 Syncing portfolio widget — 2026-03-27 08:43
==================================================
  Fetching Convert trades from Binance...
  ✅ Found 27 buy trades
  💾 Saved 27 trades to trades.json

  📊 Portfolio summary:
     BTC: 0.03627873  |  cost: EUR2521.21  |  avg: EUR69495.54
     SOL: 14.37596880  |  cost: EUR1454.31  |  avg: EUR101.16

  ✅ portfolio.json written with 2 assets
  ℹ️  Portfolio unchanged, no update needed

  ℹ️  Nothing to commit

✅ Sync complete!


🔄 Syncing portfolio widget — 2026-03-27 09:43
==================================================
  Fetching Convert trades from Binance...
  ✅ Found 27 buy trades
  💾 Saved 27 trades to trades.json

  📊 Portfolio summary:
     BTC: 0.03627873  |  cost: EUR2521.21  |  avg: EUR69495.54
     SOL: 14.37596880  |  cost: EUR1454.31  |  avg: EUR101.16

  ✅ portfolio.json written with 2 assets
  ℹ️  Portfolio unchanged, no update needed

  ℹ️  Nothing to commit

✅ Sync complete!


🔄 Syncing portfolio widget — 2026-03-27 11:09
==================================================
  Fetching Convert trades from Binance...
  ✅ Found 27 buy trades
  💾 Saved 27 trades to trades.json

  📊 Portfolio summary:
     BTC: 0.03627873  |  cost: EUR2521.21  |  avg: EUR69495.54
     SOL: 14.37596880  |  cost: EUR1454.31  |  avg: EUR101.16

  ✅ portfolio.json written with 2 assets
  ℹ️  Portfolio unchanged, no update needed

  ℹ️  Nothing to commit

✅ Sync complete!


🔄 Syncing portfolio widget — 2026-03-27 12:09
==================================================
  Fetching Convert trades from Binance...
  ✅ Found 27 buy trades
  💾 Saved 27 trades to trades.json

  📊 Portfolio summary:
     BTC: 0.03627873  |  cost: EUR2521.21  |  avg: EUR69495.54
     SOL: 14.37596880  |  cost: EUR1454.31  |  avg: EUR101.16

  ✅ portfolio.json written with 2 assets
  ℹ️  Portfolio unchanged, no update needed

  ℹ️  Nothing to commit

✅ Sync complete!


🔄 Syncing portfolio widget — 2026-03-27 14:28
==================================================
  Fetching Convert trades from Binance...
  ✅ Found 27 buy trades
  💾 Saved 27 trades to trades.json

  📊 Portfolio summary:
     BTC: 0.03627873  |  cost: EUR2521.21  |  avg: EUR69495.54
     SOL: 14.37596880  |  cost: EUR1454.31  |  avg: EUR101.16

  ✅ portfolio.json written with 2 assets
  ℹ️  Portfolio unchanged, no update needed

  ℹ️  Nothing to commit

✅ Sync complete!


🔄 Syncing portfolio widget — 2026-03-27 22:12
==================================================
  Fetching Convert trades from Binance...
  ✅ Found 27 buy trades
  💾 Saved 27 trades to trades.json

  📊 Portfolio summary:
     BTC: 0.03627873  |  cost: EUR2521.21  |  avg: EUR69495.54
     SOL: 14.37596880  |  cost: EUR1454.31  |  avg: EUR101.16

  ✅ portfolio.json written with 2 assets
  ℹ️  Portfolio unchanged, no update needed

  ℹ️  Nothing to commit

✅ Sync complete!


🔄 Syncing portfolio widget — 2026-03-28 00:50
==================================================
  Fetching Convert trades from Binance...
  ✅ Found 27 buy trades
  💾 Saved 27 trades to trades.json

  📊 Portfolio summary:
     BTC: 0.03627873  |  cost: EUR2521.21  |  avg: EUR69495.54
     SOL: 14.37596880  |  cost: EUR1454.31  |  avg: EUR101.16

  ✅ portfolio.json written with 2 assets
  ℹ️  Portfolio unchanged, no update needed

  ℹ️  Nothing to commit

✅ Sync complete!


🔄 Syncing portfolio widget — 2026-03-28 12:23
==================================================
  Fetching Convert trades from Binance...
  ✅ Found 27 buy trades
  💾 Saved 27 trades to trades.json

  📊 Portfolio summary:
     BTC: 0.03627873  |  cost: EUR2521.21  |  avg: EUR69495.54
     SOL: 14.37596880  |  cost: EUR1454.31  |  avg: EUR101.16

  ✅ portfolio.json written with 2 assets
  ℹ️  Portfolio unchanged, no update needed

  ℹ️  Nothing to commit

✅ Sync complete!


🔄 Syncing portfolio widget — 2026-03-28 15:25
==================================================
  Fetching Convert trades from Binance...
  ✅ Found 27 buy trades
  💾 Saved 27 trades to trades.json

  📊 Portfolio summary:
     BTC: 0.03627873  |  cost: EUR2521.21  |  avg: EUR69495.54
     SOL: 14.37596880  |  cost: EUR1454.31  |  avg: EUR101.16

  ✅ portfolio.json written with 2 assets
  ℹ️  Portfolio unchanged, no update needed

  ℹ️  Nothing to commit

✅ Sync complete!


🔄 Syncing portfolio widget — 2026-03-28 19:08
==================================================
  Fetching Convert trades from Binance...
  ✅ Found 27 buy trades
  💾 Saved 27 trades to trades.json

  📊 Portfolio summary:
     BTC: 0.03627873  |  cost: EUR2521.21  |  avg: EUR69495.54
     SOL: 14.37596880  |  cost: EUR1454.31  |  avg: EUR101.16

  ✅ portfolio.json written with 2 assets
  ℹ️  Portfolio unchanged, no update needed

  ℹ️  Nothing to commit

✅ Sync complete!


🔄 Syncing portfolio widget — 2026-03-28 21:36
==================================================
  Fetching Convert trades from Binance...
  ✅ Found 27 buy trades
  💾 Saved 27 trades to trades.json

  📊 Portfolio summary:
     BTC: 0.03627873  |  cost: EUR2521.21  |  avg: EUR69495.54
     SOL: 14.37596880  |  cost: EUR1454.31  |  avg: EUR101.16

  ✅ portfolio.json written with 2 assets
  ℹ️  Portfolio unchanged, no update needed

  ℹ️  Nothing to commit

✅ Sync complete!


🔄 Syncing portfolio widget — 2026-03-28 22:47
==================================================
  Fetching Convert trades from Binance...
  ✅ Found 27 buy trades
  💾 Saved 27 trades to trades.json

  📊 Portfolio summary:
     BTC: 0.03627873  |  cost: EUR2521.21  |  avg: EUR69495.54
     SOL: 14.37596880  |  cost: EUR1454.31  |  avg: EUR101.16

  ✅ portfolio.json written with 2 assets
  ℹ️  Portfolio unchanged, no update needed

  ℹ️  Nothing to commit

✅ Sync complete!


🔄 Syncing portfolio widget — 2026-03-29 18:36
==================================================
  Fetching Convert trades from Binance...
  ✅ Found 27 buy trades
  💾 Saved 27 trades to trades.json

  📊 Portfolio summary:
     BTC: 0.03627873  |  cost: EUR2521.21  |  avg: EUR69495.54
     SOL: 14.37596880  |  cost: EUR1454.31  |  avg: EUR101.16

  ✅ portfolio.json written with 2 assets
  ℹ️  Portfolio unchanged, no update needed

  ℹ️  Nothing to commit

✅ Sync complete!


🔄 Syncing portfolio widget — 2026-03-29 21:07
==================================================
  Fetching Convert trades from Binance...
  ✅ Found 27 buy trades
  💾 Saved 27 trades to trades.json

  📊 Portfolio summary:
     BTC: 0.03627873  |  cost: EUR2521.21  |  avg: EUR69495.54
     SOL: 14.37596880  |  cost: EUR1454.31  |  avg: EUR101.16

  ✅ portfolio.json written with 2 assets
  ℹ️  Portfolio unchanged, no update needed

  ℹ️  Nothing to commit

✅ Sync complete!


🔄 Syncing portfolio widget — 2026-03-29 22:07
==================================================
  Fetching Convert trades from Binance...
  ✅ Found 27 buy trades
  💾 Saved 27 trades to trades.json

  📊 Portfolio summary:
     BTC: 0.03627873  |  cost: EUR2521.21  |  avg: EUR69495.54
     SOL: 14.37596880  |  cost: EUR1454.31  |  avg: EUR101.16

  ✅ portfolio.json written with 2 assets
  ℹ️  Portfolio unchanged, no update needed

  ℹ️  Nothing to commit

✅ Sync complete!


🔄 Syncing portfolio widget — 2026-03-30 05:07
==================================================
  Fetching Convert trades from Binance...
  ✅ Found 27 buy trades
  💾 Saved 27 trades to trades.json

  📊 Portfolio summary:
     BTC: 0.03627873  |  cost: EUR2521.21  |  avg: EUR69495.54
     SOL: 14.37596880  |  cost: EUR1454.31  |  avg: EUR101.16

  ✅ portfolio.json written with 2 assets
  ℹ️  Portfolio unchanged, no update needed

  ℹ️  Nothing to commit

✅ Sync complete!


🔄 Syncing portfolio widget — 2026-03-30 13:07
==================================================
  Fetching Convert trades from Binance...
  ✅ Found 27 buy trades
  💾 Saved 27 trades to trades.json

  📊 Portfolio summary:
     BTC: 0.03627873  |  cost: EUR2521.21  |  avg: EUR69495.54
     SOL: 14.37596880  |  cost: EUR1454.31  |  avg: EUR101.16

  ✅ portfolio.json written with 2 assets
  ℹ️  Portfolio unchanged, no update needed

  ℹ️  Nothing to commit

✅ Sync complete!


🔄 Syncing portfolio widget — 2026-03-30 14:07
==================================================
  Fetching Convert trades from Binance...
  ✅ Found 27 buy trades
  💾 Saved 27 trades to trades.json

  📊 Portfolio summary:
     BTC: 0.03627873  |  cost: EUR2521.21  |  avg: EUR69495.54
     SOL: 14.37596880  |  cost: EUR1454.31  |  avg: EUR101.16

  ✅ portfolio.json written with 2 assets
  ℹ️  Portfolio unchanged, no update needed

  ℹ️  Nothing to commit

✅ Sync complete!


🔄 Syncing portfolio widget — 2026-03-30 15:07
==================================================
  Fetching Convert trades from Binance...
  ✅ Found 27 buy trades
  💾 Saved 27 trades to trades.json

  📊 Portfolio summary:
     BTC: 0.03627873  |  cost: EUR2521.21  |  avg: EUR69495.54
     SOL: 14.37596880  |  cost: EUR1454.31  |  avg: EUR101.16

  ✅ portfolio.json written with 2 assets
  ℹ️  Portfolio unchanged, no update needed

  ℹ️  Nothing to commit

✅ Sync complete!


🔄 Syncing portfolio widget — 2026-03-30 16:07
==================================================
  Fetching Convert trades from Binance...
  ✅ Found 27 buy trades
  💾 Saved 27 trades to trades.json

  📊 Portfolio summary:
     BTC: 0.03627873  |  cost: EUR2521.21  |  avg: EUR69495.54
     SOL: 14.37596880  |  cost: EUR1454.31  |  avg: EUR101.16

  ✅ portfolio.json written with 2 assets
  ℹ️  Portfolio unchanged, no update needed

  ℹ️  Nothing to commit

✅ Sync complete!


🔄 Syncing portfolio widget — 2026-03-30 17:07
==================================================
  Fetching Convert trades from Binance...
  ✅ Found 27 buy trades
  💾 Saved 27 trades to trades.json

  📊 Portfolio summary:
     BTC: 0.03627873  |  cost: EUR2521.21  |  avg: EUR69495.54
     SOL: 14.37596880  |  cost: EUR1454.31  |  avg: EUR101.16

  ✅ portfolio.json written with 2 assets
  ℹ️  Portfolio unchanged, no update needed

  ℹ️  Nothing to commit

✅ Sync complete!


🔄 Syncing portfolio widget — 2026-03-30 18:07
==================================================
  Fetching Convert trades from Binance...
  ✅ Found 27 buy trades
  💾 Saved 27 trades to trades.json

  📊 Portfolio summary:
     BTC: 0.03627873  |  cost: EUR2521.21  |  avg: EUR69495.54
     SOL: 14.37596880  |  cost: EUR1454.31  |  avg: EUR101.16

  ✅ portfolio.json written with 2 assets
  ℹ️  Portfolio unchanged, no update needed

  ℹ️  Nothing to commit

✅ Sync complete!


🔄 Syncing portfolio widget — 2026-03-30 19:07
==================================================
  Fetching Convert trades from Binance...
  ✅ Found 27 buy trades
  💾 Saved 27 trades to trades.json

  📊 Portfolio summary:
     BTC: 0.03627873  |  cost: EUR2521.21  |  avg: EUR69495.54
     SOL: 14.37596880  |  cost: EUR1454.31  |  avg: EUR101.16

  ✅ portfolio.json written with 2 assets
  ℹ️  Portfolio unchanged, no update needed

  ℹ️  Nothing to commit

✅ Sync complete!


🔄 Syncing portfolio widget — 2026-03-30 20:07
==================================================
  Fetching Convert trades from Binance...
  ✅ Found 27 buy trades
  💾 Saved 27 trades to trades.json

  📊 Portfolio summary:
     BTC: 0.03627873  |  cost: EUR2521.21  |  avg: EUR69495.54
     SOL: 14.37596880  |  cost: EUR1454.31  |  avg: EUR101.16

  ✅ portfolio.json written with 2 assets
  ℹ️  Portfolio unchanged, no update needed

  ℹ️  Nothing to commit

✅ Sync complete!


🔄 Syncing portfolio widget — 2026-03-30 21:21
==================================================
  Fetching Convert trades from Binance...
  ✅ Found 27 buy trades
  💾 Saved 27 trades to trades.json

  📊 Portfolio summary:
     BTC: 0.03627873  |  cost: EUR2521.21  |  avg: EUR69495.54
     SOL: 14.37596880  |  cost: EUR1454.31  |  avg: EUR101.16

  ✅ portfolio.json written with 2 assets
  ℹ️  Portfolio unchanged, no update needed

  ℹ️  Nothing to commit

✅ Sync complete!


🔄 Syncing portfolio widget — 2026-03-30 22:21
==================================================
  Fetching Convert trades from Binance...
  ✅ Found 27 buy trades
  💾 Saved 27 trades to trades.json

  📊 Portfolio summary:
     BTC: 0.03627873  |  cost: EUR2521.21  |  avg: EUR69495.54
     SOL: 14.37596880  |  cost: EUR1454.31  |  avg: EUR101.16

  ✅ portfolio.json written with 2 assets
  ℹ️  Portfolio unchanged, no update needed

  ℹ️  Nothing to commit

✅ Sync complete!


🔄 Syncing portfolio widget — 2026-03-30 23:31
==================================================
  Fetching Convert trades from Binance...
  ✅ Found 27 buy trades
  💾 Saved 27 trades to trades.json

  📊 Portfolio summary:
     BTC: 0.03627873  |  cost: EUR2521.21  |  avg: EUR69495.54
     SOL: 14.37596880  |  cost: EUR1454.31  |  avg: EUR101.16

  ✅ portfolio.json written with 2 assets
  ℹ️  Portfolio unchanged, no update needed

  ℹ️  Nothing to commit

✅ Sync complete!


🔄 Syncing portfolio widget — 2026-03-31 12:01
==================================================
  Fetching Convert trades from Binance...
  ✅ Found 27 buy trades
  💾 Saved 27 trades to trades.json

  📊 Portfolio summary:
     BTC: 0.03627873  |  cost: EUR2521.21  |  avg: EUR69495.54
     SOL: 14.37596880  |  cost: EUR1454.31  |  avg: EUR101.16

  ✅ portfolio.json written with 2 assets
  ℹ️  Portfolio unchanged, no update needed

  ℹ️  Nothing to commit

✅ Sync complete!


🔄 Syncing portfolio widget — 2026-03-31 16:10
==================================================
  Fetching Convert trades from Binance...
  ✅ Found 27 buy trades
  💾 Saved 27 trades to trades.json

  📊 Portfolio summary:
     BTC: 0.03627873  |  cost: EUR2521.21  |  avg: EUR69495.54
     SOL: 14.37596880  |  cost: EUR1454.31  |  avg: EUR101.16

  ✅ portfolio.json written with 2 assets
  ℹ️  Portfolio unchanged, no update needed

  ℹ️  Nothing to commit

✅ Sync complete!


🔄 Syncing portfolio widget — 2026-03-31 18:33
==================================================
  Fetching Convert trades from Binance...
  ✅ Found 27 buy trades
  💾 Saved 27 trades to trades.json

  📊 Portfolio summary:
     BTC: 0.03627873  |  cost: EUR2521.21  |  avg: EUR69495.54
     SOL: 14.37596880  |  cost: EUR1454.31  |  avg: EUR101.16

  ✅ portfolio.json written with 2 assets
  ℹ️  Portfolio unchanged, no update needed

  ℹ️  Nothing to commit

✅ Sync complete!


🔄 Syncing portfolio widget — 2026-03-31 19:33
==================================================
  Fetching Convert trades from Binance...
  ✅ Found 27 buy trades
  💾 Saved 27 trades to trades.json

  📊 Portfolio summary:
     BTC: 0.03627873  |  cost: EUR2521.21  |  avg: EUR69495.54
     SOL: 14.37596880  |  cost: EUR1454.31  |  avg: EUR101.16

  ✅ portfolio.json written with 2 assets
  ℹ️  Portfolio unchanged, no update needed

  ℹ️  Nothing to commit

✅ Sync complete!


🔄 Syncing portfolio widget — 2026-03-31 20:33
==================================================
  Fetching Convert trades from Binance...
  ⚠️  API error: <urlopen error [Errno 8] nodename nor servname provided, or not known>
  ⚠️  API error: <urlopen error [Errno 8] nodename nor servname provided, or not known>
  ⚠️  API error: <urlopen error [Errno 8] nodename nor servname provided, or not known>
  ✅ Found 0 buy trades
  ⚠️  No trades found, nothing to sync
